<?xml version="1.0" encoding="UTF-8"?>
<!-- Generated by org.testng.reporters.JUnitReportReporter -->
<testsuite skipped="0" hostname="INC00752" name="com.incture.proj.testNg.Trin" tests="2" failures="0" timestamp="11 Dec 2017 06:16:46 GMT" time="0.016" errors="0">
  <testcase name="test1" time="0.014" classname="com.incture.proj.testNg.Trin"/>
  <testcase name="test2" time="0.002" classname="com.incture.proj.testNg.Trin"/>
</testsuite> <!-- com.incture.proj.testNg.Trin -->
