<?xml version="1.0" encoding="UTF-8"?>
<!-- Generated by org.testng.reporters.JUnitReportReporter -->
<testsuite skipped="0" hostname="INC00752" name="others.com.annotations.MyTestNGAnnotationTest" tests="1" failures="0" timestamp="11 Dec 2017 06:13:59 GMT" time="0.016" errors="0">
  <testcase name="testMyAnnotation" time="0.016" classname="others.com.annotations.MyTestNGAnnotationTest"/>
</testsuite> <!-- others.com.annotations.MyTestNGAnnotationTest -->
