<?xml version="1.0" encoding="UTF-8"?>
<!-- Generated by org.testng.reporters.JUnitReportReporter -->
<testsuite skipped="0" hostname="INC00752" name="com.incture.proj.testNg.AnnotationTestNGImpl" tests="2" failures="0" timestamp="11 Dec 2017 09:31:08 GMT" time="0.019" errors="0">
  <testcase name="test1" time="0.009" classname="com.incture.proj.testNg.AnnotationTestNGImpl"/>
  <testcase name="test2" time="0.010" classname="com.incture.proj.testNg.AnnotationTestNGImpl"/>
</testsuite> <!-- com.incture.proj.testNg.AnnotationTestNGImpl -->
